<?xml version="1.0" encoding="UTF-8"?>
<testsuite name="test_request_vaccine_tests.MyTestCase-20220403151303" tests="22" file="test_request_vaccine_tests.py" time="0.098" timestamp="2022-04-03T15:13:03" failures="0" errors="0" skipped="0">
	<testcase classname="test_request_vaccine_tests.MyTestCase" name="test_request_vaccination_nook" time="0.003" timestamp="2022-04-03T15:13:03"/>
	<testcase classname="test_request_vaccine_tests.MyTestCase" name="test_request_vaccination_nook10" time="0.003" timestamp="2022-04-03T15:13:03"/>
	<testcase classname="test_request_vaccine_tests.MyTestCase" name="test_request_vaccination_nook11" time="0.004" timestamp="2022-04-03T15:13:03"/>
	<testcase classname="test_request_vaccine_tests.MyTestCase" name="test_request_vaccination_nook12" time="0.002" timestamp="2022-04-03T15:13:03"/>
	<testcase classname="test_request_vaccine_tests.MyTestCase" name="test_request_vaccination_nook13" time="0.004" timestamp="2022-04-03T15:13:03"/>
	<testcase classname="test_request_vaccine_tests.MyTestCase" name="test_request_vaccination_nook14" time="0.004" timestamp="2022-04-03T15:13:03"/>
	<testcase classname="test_request_vaccine_tests.MyTestCase" name="test_request_vaccination_nook15" time="0.003" timestamp="2022-04-03T15:13:03"/>
	<testcase classname="test_request_vaccine_tests.MyTestCase" name="test_request_vaccination_nook16" time="0.006" timestamp="2022-04-03T15:13:03"/>
	<testcase classname="test_request_vaccine_tests.MyTestCase" name="test_request_vaccination_nook2" time="0.002" timestamp="2022-04-03T15:13:03"/>
	<testcase classname="test_request_vaccine_tests.MyTestCase" name="test_request_vaccination_nook3" time="0.004" timestamp="2022-04-03T15:13:03"/>
	<testcase classname="test_request_vaccine_tests.MyTestCase" name="test_request_vaccination_nook4" time="0.003" timestamp="2022-04-03T15:13:03"/>
	<testcase classname="test_request_vaccine_tests.MyTestCase" name="test_request_vaccination_nook5" time="0.003" timestamp="2022-04-03T15:13:03"/>
	<testcase classname="test_request_vaccine_tests.MyTestCase" name="test_request_vaccination_nook6" time="0.003" timestamp="2022-04-03T15:13:03"/>
	<testcase classname="test_request_vaccine_tests.MyTestCase" name="test_request_vaccination_nook7" time="0.004" timestamp="2022-04-03T15:13:03"/>
	<testcase classname="test_request_vaccine_tests.MyTestCase" name="test_request_vaccination_nook8" time="0.003" timestamp="2022-04-03T15:13:03"/>
	<testcase classname="test_request_vaccine_tests.MyTestCase" name="test_request_vaccination_nook9" time="0.004" timestamp="2022-04-03T15:13:03"/>
	<testcase classname="test_request_vaccine_tests.MyTestCase" name="test_request_vaccination_ok" time="0.005" timestamp="2022-04-03T15:13:03"/>
	<testcase classname="test_request_vaccine_tests.MyTestCase" name="test_request_vaccination_ok2" time="0.010" timestamp="2022-04-03T15:13:03"/>
	<testcase classname="test_request_vaccine_tests.MyTestCase" name="test_request_vaccination_ok3" time="0.005" timestamp="2022-04-03T15:13:03"/>
	<testcase classname="test_request_vaccine_tests.MyTestCase" name="test_request_vaccination_ok4" time="0.008" timestamp="2022-04-03T15:13:03"/>
	<testcase classname="test_request_vaccine_tests.MyTestCase" name="test_request_vaccination_ok5" time="0.009" timestamp="2022-04-03T15:13:03"/>
	<testcase classname="test_request_vaccine_tests.MyTestCase" name="test_request_vaccination_ok6" time="0.005" timestamp="2022-04-03T15:13:03"/>
</testsuite>
