<?xml version="1.0" encoding="UTF-8"?>
<testsuite name="test_get_vaccine_date_tests.MyTestCase-20220401215029" tests="3" file="test_get_vaccine_date_tests.py" time="0.357" timestamp="2022-04-01T21:50:30" failures="0" errors="0" skipped="0">
	<testcase classname="test_get_vaccine_date_tests.MyTestCase" name="test_get_vaccine_date_nodosnook" time="0.322" timestamp="2022-04-01T21:50:30"/>
	<testcase classname="test_get_vaccine_date_tests.MyTestCase" name="test_get_vaccine_date_nook" time="0.024" timestamp="2022-04-01T21:50:30"/>
	<testcase classname="test_get_vaccine_date_tests.MyTestCase" name="test_get_vaccine_date_ok" time="0.011" timestamp="2022-04-01T21:50:30"/>
</testsuite>
