<?xml version="1.0" encoding="UTF-8"?>
<testsuite name="test_get_vaccine_date_tests.MyTestCase-20220405181010" tests="3" file="test_get_vaccine_date_tests.py" time="0.377" timestamp="2022-04-05T18:10:11" failures="0" errors="0" skipped="0">
	<testcase classname="test_get_vaccine_date_tests.MyTestCase" name="test_get_vaccine_date_nodosnook" time="0.353" timestamp="2022-04-05T18:10:11"/>
	<testcase classname="test_get_vaccine_date_tests.MyTestCase" name="test_get_vaccine_date_nook" time="0.013" timestamp="2022-04-05T18:10:11"/>
	<testcase classname="test_get_vaccine_date_tests.MyTestCase" name="test_get_vaccine_date_ok" time="0.010" timestamp="2022-04-05T18:10:11"/>
</testsuite>
