<?xml version="1.0" encoding="UTF-8"?>
<testsuite name="test_get_vaccine_date_tests.MyTestCase-20220403151303" tests="3" file="test_get_vaccine_date_tests.py" time="0.201" timestamp="2022-04-03T15:13:03" failures="0" errors="0" skipped="0">
	<testcase classname="test_get_vaccine_date_tests.MyTestCase" name="test_get_vaccine_date_nodosnook" time="0.186" timestamp="2022-04-03T15:13:03"/>
	<testcase classname="test_get_vaccine_date_tests.MyTestCase" name="test_get_vaccine_date_nook" time="0.007" timestamp="2022-04-03T15:13:03"/>
	<testcase classname="test_get_vaccine_date_tests.MyTestCase" name="test_get_vaccine_date_ok" time="0.008" timestamp="2022-04-03T15:13:03"/>
</testsuite>
